INFO:sim:172 - Generating IP...
Resolving generics for 'lose_ipcore'...
Applying external generics to 'lose_ipcore'...
Delivering associated files for 'lose_ipcore'...
Delivering EJava files for 'lose_ipcore'...
Generating implementation netlist for 'lose_ipcore'...
INFO:sim - Pre-processing HDL files for 'lose_ipcore'...
Running synthesis for 'lose_ipcore'
Running ngcbuild...
Writing VEO instantiation template for 'lose_ipcore'...
Writing Verilog behavioral simulation model for 'lose_ipcore'...
WARNING:sim - Overwriting existing file
   D:/Code/Xilinx/FINAL_PROJECT/ipcore_dir/tmp/_cg/lose_ipcore/doc/blk_mem_gen_v
   7_3_vinfo.html with file from view xilinx_documentation
Delivered 1 file into directory
D:/Code/Xilinx/FINAL_PROJECT/ipcore_dir/tmp/_cg/lose_ipcore
Generating ASY schematic symbol...
INFO:sim:949 - Finished generation of ASY schematic symbol.
Generating SYM schematic symbol for 'lose_ipcore'...
Generating metadata file...
Regenerating ISE project file for 'lose_ipcore'...
Generating ISE project...
XCO file found: lose_ipcore.xco
XMDF file found: lose_ipcore_xmdf.tcl
Adding D:/Code/Xilinx/FINAL_PROJECT/ipcore_dir/tmp/_cg/lose_ipcore.asy -view all
-origin_type imported
Adding D:/Code/Xilinx/FINAL_PROJECT/ipcore_dir/tmp/_cg/lose_ipcore.ngc -view all
-origin_type created
Checking file "D:/Code/Xilinx/FINAL_PROJECT/ipcore_dir/tmp/_cg/lose_ipcore.ngc"
for project device match ...
File "D:/Code/Xilinx/FINAL_PROJECT/ipcore_dir/tmp/_cg/lose_ipcore.ngc" device
information matches project device.
Adding D:/Code/Xilinx/FINAL_PROJECT/ipcore_dir/tmp/_cg/lose_ipcore.sym -view all
-origin_type imported
Adding D:/Code/Xilinx/FINAL_PROJECT/ipcore_dir/tmp/_cg/lose_ipcore.v -view all
-origin_type created
INFO:HDLCompiler:1845 - Analyzing Verilog file
   "D:/Code/Xilinx/FINAL_PROJECT/ipcore_dir/tmp/_cg/lose_ipcore.v" into library
   work
INFO:ProjectMgmt - Parsing design hierarchy completed successfully.
Adding D:/Code/Xilinx/FINAL_PROJECT/ipcore_dir/tmp/_cg/lose_ipcore.veo -view all
-origin_type imported
INFO:TclTasksC:2116 - The automatic calculation of top has been turned-off.
   Please set the new top explicitly by running the "project set top" command.
   To re-calculate the new top automatically, set the "Auto Implementation Top"
   property to true.
Top level has been set to "/lose_ipcore"
Generating README file...
Generating FLIST file...
INFO:sim:948 - Finished FLIST file generation.
Launching README viewer...
Moving files to output directory...
Finished moving files to output directory
Wrote CGP file for project 'lose_ipcore'.
